{"level":"info","message":"PSA 074/2022= - JAN ENTRETENIMENTOS LTDA (JANGALITO - ANDRADE) criado.","timestamp":"2022-07-07 09:28:08"}
{"level":"info","message":"PSA 074/2022= - JAN ENTRETENIMENTOS LTDA (JANGALITO - ANDRADE) criado.","timestamp":"2022-07-07 09:30:07"}
{"level":"info","message":"PSA 074/2022= - JAN ENTRETENIMENTOS LTDA (JANGALITO - ANDRADE) criado.","timestamp":"2022-07-07 09:32:06"}
{"level":"info","message":"PSA 074/2022= - JAN ENTRETENIMENTOS LTDA (JANGALITO - ANDRADE) criado.","timestamp":"2022-07-07 09:34:06"}
{"level":"info","message":"PSA 074/2022= - JAN ENTRETENIMENTOS LTDA (JANGALITO - ANDRADE) criado.","timestamp":"2022-07-07 09:36:07"}
{"level":"info","message":"PSA 074/2022= - JAN ENTRETENIMENTOS LTDA (JANGALITO - ANDRADE) criado.","timestamp":"2022-07-07 09:38:07"}
{"level":"info","message":"PSA 074/2022= - JAN ENTRETENIMENTOS LTDA (JANGALITO - ANDRADE) criado.","timestamp":"2022-07-07 09:40:08"}
{"level":"info","message":"PSA 074/2022= - JAN ENTRETENIMENTOS LTDA (JANGALITO - ANDRADE) criado.","timestamp":"2022-07-07 09:42:06"}
{"level":"error","message":"createDocument: AxiosError: Request failed with status code 400","timestamp":"2022-07-07 09:44:05"}
{"level":"error","message":"createDocument: AxiosError: Request failed with status code 400","timestamp":"2022-07-07 09:48:05"}
{"level":"info","message":"PSA 075/2022= - EMPRESA HOLDING ROBSON LIMA criado.","timestamp":"2022-07-07 17:48:06"}
{"level":"info","message":"PSC 042/2022= - EMPRESA HOLDING WELLINGTON MACEDO criado.","timestamp":"2022-07-07 17:58:07"}
{"level":"info","message":"PSD 071/2022= - EUROPARTNER BRASIL ASSESSORIA E CONSULTORIA EMPRESARIAL LTD= A. criado.","timestamp":"2022-07-08 15:04:12"}
{"level":"info","message":"PSA 075/2022= - ROBSON LIMA DA SILVA PROVEDOR DE INTERNET criado.","timestamp":"2022-07-11 10:14:07"}
{"level":"info","message":"PSA 076/2022= - FIBRIUM TELECOM criado.","timestamp":"2022-07-11 12:04:07"}
{"level":"info","message":"PSC 043/2022= - TRUST AUTO PE=C7AS COM=C9RCIO criado.","timestamp":"2022-07-11 15:10:07"}
{"level":"info","message":"PSD 072/2022= - JOAO PAULO GONCALVES criado.","timestamp":"2022-07-12 09:28:08"}
{"level":"info","message":"PSD 073-2022= - GOLD & KO INDUSTRIA, COMERCIO, IMPORTACAO E EXPORTACAO = DE ALIMENTOS criado.","timestamp":"2022-07-12 16:52:08"}
{"level":"info","message":"PSD 068/2022= - SERQUIP - TRATAMENTO DE RESIDUOS criado.","timestamp":"2022-07-12 17:48:06"}
{"level":"info","message":"PSD 074/2022= - NET2YOU NETWORK LTDA criado.","timestamp":"2022-07-14 09:56:44"}
{"level":"info","message":"PSA 077/2022= - FAXT TELECOMUNICA=C7=D5ES LTDA criado.","timestamp":"2022-07-14 17:46:09"}
{"level":"info","message":"PSA 078-2022= - AURUM METAIS COMERCIO ATACADISTA, EXPORTACAO E IMPORTACAO E= IRELI criado.","timestamp":"2022-07-15 08:54:08"}
{"level":"info","message":"PSB 009/2022= - GENESIS CAPITAL LTDA criado.","timestamp":"2022-07-18 14:34:08"}
{"level":"info","message":"PSC 045/2022= - ADM DE BENS criado.","timestamp":"2022-07-18 17:10:07"}
{"level":"info","message":"PSA 079/2022= - HIT CARE NORDESTE IMPORTACAO, COMERCIO E SERVICOS DE PRODUT= OS criado.","timestamp":"2022-07-19 09:38:11"}
{"level":"info","message":"PSD 075/2022= - CLUBE DOS SUBTENENTES E SARGENTOS DO EXE criado.","timestamp":"2022-07-20 11:12:10"}
{"level":"info","message":"PSD 076/2022= - OP. CENTRO BH LTDA criado.","timestamp":"2022-07-20 11:56:08"}
{"level":"info","message":"PSC 046/2022= - EMPRESA DE GUSTAVO FREITAS criado.","timestamp":"2022-07-20 14:52:08"}
{"level":"error","message":"getQuoteHash: TypeError [ERR_INVALID_ARG_TYPE]: The \"path\" argument must be of type string. Received undefined","timestamp":"2022-07-26 08:00:07"}
{"level":"error","message":"uploadHash: AxiosError: Request failed with status code 400","timestamp":"2022-07-26 08:00:21"}
{"level":"error","message":"createDocument: AxiosError: Request failed with status code 400","timestamp":"2022-07-26 08:00:21"}
{"level":"info","message":"PSA 082/2022= - NTEC SERVICOS TECNICOS LTDA criado.","timestamp":"2022-07-26 08:00:26"}
{"level":"info","message":"PSA 083/2022= - NTEC EXPRESS DISTRIBUIDORA EIRELI criado.","timestamp":"2022-07-26 08:00:26"}
{"level":"info","message":"PSA 080/2022= - M 130 CIDADE NOVA LTDA criado.","timestamp":"2022-07-26 08:00:26"}
{"level":"info","message":"PSA 083/2022= - NTEC EXPRESS DISTRIBUIDORA EIRELI criado.","timestamp":"2022-07-26 08:00:26"}
{"level":"info","message":"PSA 083/2022= - NTEC EXPRESS DISTRIBUIDORA EIRELI criado.","timestamp":"2022-07-26 08:00:26"}
{"level":"info","message":"PSA 081/2022= - DATA SPRINTS PROCESSAMENTO DE DADOS LTDA criado.","timestamp":"2022-07-26 08:00:26"}
{"level":"info","message":"PSA 083/2022= - NTEC EXPRESS DISTRIBUIDORA EIRELI criado.","timestamp":"2022-07-26 08:00:26"}
{"level":"info","message":"PSA 083/2022= - NTEC EXPRESS DISTRIBUIDORA EIRELI criado.","timestamp":"2022-07-26 08:00:26"}
{"level":"info","message":"PSA 083/2022= - NTEC EXPRESS DISTRIBUIDORA EIRELI criado.","timestamp":"2022-07-26 08:00:26"}
{"level":"info","message":"PSA 083/2022= - NTEC EXPRESS DISTRIBUIDORA EIRELI criado.","timestamp":"2022-07-26 08:00:26"}
{"level":"info","message":"PSA 083/2022= - NTEC EXPRESS DISTRIBUIDORA EIRELI criado.","timestamp":"2022-07-26 08:00:26"}
{"level":"info","message":"PSA 083/2022= - NTEC EXPRESS DISTRIBUIDORA EIRELI criado.","timestamp":"2022-07-26 08:00:26"}
{"level":"info","message":"PSA 082/2022= - NTEC EXPRESS DISTRIBUIDORA EIRELI criado.","timestamp":"2022-07-26 08:00:26"}
{"level":"info","message":"PSA 083/2022= - NTEC EXPRESS DISTRIBUIDORA EIRELI criado.","timestamp":"2022-07-26 08:00:26"}
{"level":"error","message":"getQuoteHash: TypeError [ERR_INVALID_ARG_TYPE]: The \"path\" argument must be of type string. Received undefined","timestamp":"2022-07-27 09:24:04"}
{"level":"error","message":"getQuoteHash: TypeError [ERR_INVALID_ARG_TYPE]: The \"path\" argument must be of type string. Received undefined","timestamp":"2022-07-27 09:24:04"}
{"level":"error","message":"uploadHash: AxiosError: Request failed with status code 400","timestamp":"2022-07-27 09:24:04"}
{"level":"error","message":"uploadHash: AxiosError: Request failed with status code 400","timestamp":"2022-07-27 09:24:05"}
{"level":"error","message":"createDocument: AxiosError: Request failed with status code 400","timestamp":"2022-07-27 09:24:05"}
{"level":"error","message":"createDocument: AxiosError: Request failed with status code 400","timestamp":"2022-07-27 09:24:05"}
{"level":"info","message":"PSA 083/2022= - NTEC EXPRESS DISTRIBUIDORA EIRELI criado.","timestamp":"2022-07-27 09:24:07"}
{"level":"info","message":"PSA 083/2022= - NTEC EXPRESS DISTRIBUIDORA EIRELI criado.","timestamp":"2022-07-27 09:24:07"}
{"level":"info","message":"PSA 083/2022= - NTEC EXPRESS DISTRIBUIDORA EIRELI criado.","timestamp":"2022-07-27 09:24:08"}
{"level":"info","message":"PSA 083/2022= - NTEC EXPRESS DISTRIBUIDORA EIRELI criado.","timestamp":"2022-07-27 09:24:08"}
{"level":"info","message":"PSA 083/2022= - NTEC EXPRESS DISTRIBUIDORA EIRELI criado.","timestamp":"2022-07-27 09:24:08"}
{"level":"info","message":"PSA 083/2022= - NTEC EXPRESS DISTRIBUIDORA EIRELI criado.","timestamp":"2022-07-27 09:24:08"}
{"level":"info","message":"PSA 072/2022= - TAR TECHCERT SOLU=C7=D5ES criado.","timestamp":"2022-07-27 09:50:07"}
{"level":"info","message":"PSD 072/2022= - TAR TECHCERT SOLU=C7=D5ES criado.","timestamp":"2022-07-27 09:50:07"}
{"level":"info","message":"PSA 072/2022= - TAR TECHCERT SOLU=C7=D5ES criado.","timestamp":"2022-07-27 09:50:07"}
{"level":"info","message":"PSD 076/2022= - OP. CENTRO BH LTDA criado.","timestamp":"2022-07-27 09:58:05"}
{"level":"info","message":"PSD 076/2022= - OP. CENTRO BH LTDA criado.","timestamp":"2022-07-27 09:58:05"}
{"level":"info","message":"PSD 076/2022= - OP. CENTRO BH LTDA criado.","timestamp":"2022-07-27 09:58:05"}
{"level":"info","message":"PSD 076/2022= - OP. CENTRO BH LTDA criado.","timestamp":"2022-07-27 09:58:05"}
{"level":"info","message":"PSD 076/2022= - OP. CENTRO BH LTDA criado.","timestamp":"2022-07-27 09:58:05"}
{"level":"info","message":"PSD 076/2022= - OP. CENTRO BH LTDA criado.","timestamp":"2022-07-27 09:58:05"}
{"level":"info","message":"PSD 076/2022= - OP. CENTRO BH LTDA criado.","timestamp":"2022-07-27 10:00:09"}
{"level":"info","message":"PSD 076/2022= - OP. CENTRO BH LTDA criado.","timestamp":"2022-07-27 10:00:09"}
{"level":"info","message":"PSD 076/2022= - OP. CENTRO BH LTDA criado.","timestamp":"2022-07-27 10:00:09"}
{"level":"info","message":"PSD 076/2022= - OP. CENTRO BH LTDA criado.","timestamp":"2022-07-27 10:00:10"}
{"level":"info","message":"PSA 079/2022= - HIT CARE NORDESTE IMPORTACAO, COMERCIO E SERVICOS DE PRODUT= OS criado.","timestamp":"2022-07-28 09:38:07"}
{"level":"info","message":"PSD 075/2022= - CLUBE DOS SUBTENENTES E SARGENTOS DO EXE criado.","timestamp":"2022-07-28 09:44:05"}
{"level":"info","message":"PSC 046/2022= - EMPRESA DE GUSTAVO FREITAS criado.","timestamp":"2022-07-28 09:48:06"}
{"level":"info","message":"PSA 081/2022= - DATA SPRINTS PROCESSAMENTO DE DADOS LTDA criado.","timestamp":"2022-07-28 09:58:06"}
{"level":"error","message":"getQuoteHash: TypeError [ERR_INVALID_ARG_TYPE]: The \"path\" argument must be of type string. Received undefined","timestamp":"2022-08-02 09:23:42"}
{"level":"error","message":"getQuoteHash: TypeError [ERR_INVALID_ARG_TYPE]: The \"path\" argument must be of type string. Received undefined","timestamp":"2022-08-02 09:23:42"}
{"level":"error","message":"getQuoteHash: TypeError [ERR_INVALID_ARG_TYPE]: The \"path\" argument must be of type string. Received undefined","timestamp":"2022-08-02 09:23:42"}
{"level":"error","message":"getQuoteHash: TypeError [ERR_INVALID_ARG_TYPE]: The \"path\" argument must be of type string. Received undefined","timestamp":"2022-08-02 09:23:42"}
{"level":"error","message":"uploadHash: AxiosError: Request failed with status code 400","timestamp":"2022-08-02 09:23:43"}
{"level":"error","message":"uploadHash: AxiosError: Request failed with status code 400","timestamp":"2022-08-02 09:23:43"}
{"level":"error","message":"uploadHash: AxiosError: Request failed with status code 400","timestamp":"2022-08-02 09:23:43"}
{"level":"error","message":"uploadHash: AxiosError: Request failed with status code 400","timestamp":"2022-08-02 09:23:43"}
{"level":"error","message":"createDocument: AxiosError: Request failed with status code 400","timestamp":"2022-08-02 09:23:43"}
{"level":"error","message":"createDocument: AxiosError: Request failed with status code 400","timestamp":"2022-08-02 09:23:43"}
{"level":"error","message":"createDocument: AxiosError: Request failed with status code 400","timestamp":"2022-08-02 09:23:43"}
{"level":"error","message":"createDocument: AxiosError: Request failed with status code 400","timestamp":"2022-08-02 09:23:43"}
{"level":"info","message":"PSA 073/2022= - NOVA REDE DE TELECOMUNICACOES criado.","timestamp":"2022-08-02 09:23:45"}
{"level":"info","message":"PSA 073/2022= - NOVA REDE DE TELECOMUNICACOES criado.","timestamp":"2022-08-02 09:23:45"}
{"level":"info","message":"PSA 073/2022= - NOVA REDE DE TELECOMUNICACOES criado.","timestamp":"2022-08-02 09:27:25"}
{"level":"info","message":"CONTRATO - NOBZ INTERMEDIACAO DE LUXO LTDA - 871 criado.","timestamp":"2022-08-02 15:10:38"}
{"level":"info","message":"PSC 050/2022= - CUIABA FIBRA INTERNET EIRELI criado.","timestamp":"2022-08-03 10:28:09"}
{"level":"info","message":"PSD 083/2022= - LUC PNEUS LTDA criado.","timestamp":"2022-08-03 14:24:06"}
{"level":"info","message":"PSA 091/2022= - D&B CORRETORA, ADMINISTRADORA criado.","timestamp":"2022-08-03 17:24:07"}
{"level":"info","message":"PSA 090/2022= - JOAO & KLAUS EMPREENDIMENTOS IMOBILIARIO= criado.","timestamp":"2022-08-03 17:26:09"}
{"level":"info","message":"PSA 090/2022= - JOAO & KLAUS EMPREENDIMENTOS IMOBILIARIO= criado.","timestamp":"2022-08-03 17:26:09"}
{"level":"info","message":"PSA 090/2022= - JOAO & KLAUS EMPREENDIMENTOS IMOBILIARIO= criado.","timestamp":"2022-08-03 17:30:06"}
{"level":"info","message":"PSA 090/2022= - JOAO & KLAUS EMPREENDIMENTOS IMOBILIARIO= criado.","timestamp":"2022-08-03 17:30:06"}
{"level":"info","message":"PSA 089/2022= - MENEZES & VERRACI EMPREENDIMENTOS LTDA criado.","timestamp":"2022-08-03 17:32:09"}
{"level":"info","message":"PSA 089/2022= - MENEZES & VERRACI EMPREENDIMENTOS LTDA criado.","timestamp":"2022-08-03 17:32:09"}
{"level":"info","message":"PSA 089/2022= - MENEZES & VERRACI EMPREENDIMENTOS LTDA criado.","timestamp":"2022-08-03 17:38:07"}
{"level":"info","message":"PSD 080/2022= - HESSEL VERRACI EMPREENDIMENTOS IMOBILIAR criado.","timestamp":"2022-08-03 17:44:07"}
{"level":"info","message":"PSD 080/2022= - HESSEL VERRACI EMPREENDIMENTOS IMOBILIAR criado.","timestamp":"2022-08-03 17:44:07"}
{"level":"info","message":"PSA 089/2022= - MENEZES & VERRACI EMPREENDIMENTOS LTDA criado.","timestamp":"2022-08-03 17:44:08"}
{"level":"info","message":"PSD 080/2022= - HESSEL VERRACI EMPREENDIMENTOS IMOBILIAR criado.","timestamp":"2022-08-03 17:50:07"}
{"level":"error","message":"getQuoteHash: TypeError [ERR_INVALID_ARG_TYPE]: The \"path\" argument must be of type string. Received undefined","timestamp":"2022-08-03 17:58:04"}
{"level":"error","message":"getQuoteHash: TypeError [ERR_INVALID_ARG_TYPE]: The \"path\" argument must be of type string. Received undefined","timestamp":"2022-08-03 17:58:04"}
{"level":"error","message":"getQuoteHash: TypeError [ERR_INVALID_ARG_TYPE]: The \"path\" argument must be of type string. Received undefined","timestamp":"2022-08-03 17:58:04"}
{"level":"error","message":"getQuoteHash: TypeError [ERR_INVALID_ARG_TYPE]: The \"path\" argument must be of type string. Received undefined","timestamp":"2022-08-03 17:58:04"}
{"level":"error","message":"uploadHash: AxiosError: Request failed with status code 400","timestamp":"2022-08-03 17:58:05"}
{"level":"error","message":"uploadHash: AxiosError: Request failed with status code 400","timestamp":"2022-08-03 17:58:05"}
{"level":"error","message":"uploadHash: AxiosError: Request failed with status code 400","timestamp":"2022-08-03 17:58:06"}
{"level":"error","message":"uploadHash: AxiosError: Request failed with status code 400","timestamp":"2022-08-03 17:58:06"}
{"level":"error","message":"createDocument: AxiosError: Request failed with status code 400","timestamp":"2022-08-03 17:58:06"}
{"level":"error","message":"createDocument: AxiosError: Request failed with status code 400","timestamp":"2022-08-03 17:58:06"}
{"level":"error","message":"createDocument: AxiosError: Request failed with status code 400","timestamp":"2022-08-03 17:58:07"}
{"level":"error","message":"createDocument: AxiosError: Request failed with status code 400","timestamp":"2022-08-03 17:58:07"}
{"level":"info","message":"PSD 083/2022= - LUC PNEUS LTDA criado.","timestamp":"2022-08-03 17:58:08"}
{"level":"info","message":"PSD 083/2022= - LUC PNEUS LTDA criado.","timestamp":"2022-08-03 17:58:08"}
{"level":"info","message":"PSD 083/2022= - LUC PNEUS LTDA criado.","timestamp":"2022-08-03 17:58:08"}
{"level":"info","message":"PSD 083/2022= - LUC PNEUS LTDA criado.","timestamp":"2022-08-03 17:58:08"}
{"level":"info","message":"PSD 083/2022= - LUC PNEUS LTDA criado.","timestamp":"2022-08-03 18:02:07"}
{"level":"info","message":"PSD 088-2022= - HARVORAE COMERCIO DE TENTO MADEIRA E FLO criado.","timestamp":"2022-08-04 08:30:11"}
{"level":"info","message":"PSD 093/2022= - OPEN SEA OFF SHORE ENGENHARIA & CONSTRUTORA criado.","timestamp":"2022-08-04 09:22:06"}
{"level":"info","message":"PSA 092/2022= - BTT TELECOMUNICACOES LTDA criado.","timestamp":"2022-08-04 16:08:06"}
{"level":"info","message":"CONTRATO - SQUALY MG PLANEJAMENTO DE OBRAS LTDA - 1012 criado.","timestamp":"2022-08-04 17:18:09"}
{"level":"info","message":"CONTRATO - ASAS COMERCIO E SERVICOS MN LTDA - 1029 criado.","timestamp":"2022-08-04 17:34:08"}
{"level":"info","message":"PSD 095/2022= - MS REVESTIMENTO EM COURO LTDA criado.","timestamp":"2022-08-05 13:42:08"}
{"level":"info","message":"PSA 093/2022= - TRUE MIX INDUSTRIA, COMERCIO, DISTRIBUICAO E TRANSPORTES LT= DA criado.","timestamp":"2022-08-05 15:50:08"}
{"level":"info","message":"PSA 094/2022= - DCW SERVI=C7OS E DISTRIBUI=C7=C3O LTDA criado.","timestamp":"2022-08-05 16:10:11"}
{"level":"info","message":"PSD 087/2022= - CROWN INDUSTRIA E COMERCIO DE CANETAS LTDA criado.","timestamp":"2022-08-08 15:30:18"}
{"level":"info","message":"PSD 086/2022= - CROWN INDUSTRIA E COMERCIO DE CANETAS LTDA criado.","timestamp":"2022-08-08 15:32:06"}
{"level":"info","message":"PSC 052/2022= - HOLDING RODRIGO ADAO DAFRE criado.","timestamp":"2022-08-09 14:30:10"}
{"level":"info","message":"PSA 095/2022= - CASA LAICOS BAR EIRELI criado.","timestamp":"2022-08-09 15:40:06"}
{"level":"info","message":"PSD 059/2022= - ESCRITORIO CONTABIL MAZOCATO LTDA criado.","timestamp":"2022-08-09 16:46:07"}
{"level":"info","message":"PSD 098/2022= - MAXXNET SERVICOS DE INTERNET LTDA criado.","timestamp":"2022-08-10 09:24:07"}
{"level":"info","message":"PSC 050/2022= - JVC CONTABILIDADE criado.","timestamp":"2022-08-10 11:24:06"}
{"level":"info","message":"PSD 082/2022= - TEMA CONSULTORIA criado.","timestamp":"2022-08-10 15:18:09"}
{"level":"info","message":"PSD 100/2022= - BOLA SPORTS COMERCIO DE VESTUARIO E ARTI criado.","timestamp":"2022-08-10 17:56:05"}
{"level":"info","message":"PSA 096/2022= - HESSEL VERRACI EMPREENDIMENTOS IMOBILIAR criado.","timestamp":"2022-08-11 15:00:14"}
{"level":"info","message":"PSD 102/2022= - INSTITUTO PAULUCCI LTDA EPP criado.","timestamp":"2022-08-11 15:24:07"}
{"level":"info","message":"PSD 101/2022= - MG ESCAL LTDA criado.","timestamp":"2022-08-12 14:02:06"}
{"level":"info","message":"PSD 103/2022= - ADELFI CONSULTORIA E SOLUCAO FINANCEIRA EIRELI criado.","timestamp":"2022-08-12 14:14:07"}
{"level":"info","message":"PSD 091/2022= - HC GESTAO E SERVI=C7OS DE TI criado.","timestamp":"2022-08-12 14:40:05"}
{"level":"info","message":"PSD 104/2022= - MAF BAR E ENTRETENIMENTO LTDA criado.","timestamp":"2022-08-16 08:53:44"}
{"level":"info","message":"CONTRATO - LIZITEC TELECOMUNICACOES EIRELILIZITEC TELECOMUNICACOES EIRELI - 791 criado.","timestamp":"2022-08-16 10:16:06"}
{"level":"info","message":"PSD 105/2022= - TRESMAISUM EMPREENDIMENTOS criado.","timestamp":"2022-08-16 16:12:07"}
{"level":"info","message":"PSD 106/2022= - SERGIO VESPUCIO SILVA CONSULTORIA criado.","timestamp":"2022-08-16 16:48:07"}
{"level":"info","message":"PSD 107/2022= - HD FIBRAS criado.","timestamp":"2022-08-17 08:32:08"}
{"level":"error","message":"createDocument: AxiosError: Request failed with status code 500","timestamp":"2022-08-17 08:32:08"}
{"level":"info","message":"PSA 097/2022= - ZAC COMERCIO ELETRONICO LTDA criado.","timestamp":"2022-08-17 14:50:08"}
{"level":"info","message":"PSD 110/2022= - EUROPARTNER BRASIL ASSESSORIA E CONSULTORIA EMPRESARIAL LTD= A. criado.","timestamp":"2022-08-18 12:02:07"}
{"level":"info","message":"PSD 111/2022= - COELHO & BARCELOS EMPREENDIMENTOS IMOBILI=E1RIOS LTDA= criado.","timestamp":"2022-08-19 13:12:08"}
{"level":"info","message":"112/2022 - FP CONECTIVIDADE LTDA criado.","timestamp":"2022-08-19 15:24:05"}
{"level":"info","message":"PSD 092/2022= - GOLD & KO INDUSTRIA, COMERCIO, IMPORTACAO E EXPORTACAO = DE ALIMENTOS criado.","timestamp":"2022-08-19 15:38:06"}
{"level":"info","message":"PSD 113/2022= - OADS MANUTENCAO DE AERONAVES EXECUTIVAS criado.","timestamp":"2022-08-19 16:56:07"}
{"level":"info","message":"PSA 098/2022= - MB GOMIDE DECORACAO EIRELI criado.","timestamp":"2022-08-19 17:06:07"}
{"level":"info","message":"PSA 099/2022= - I9 CONTABILIT criado.","timestamp":"2022-08-23 09:50:42"}
{"level":"info","message":"PSA 100/2022= - MARANET TELECOM EIRELI criado.","timestamp":"2022-08-23 14:10:10"}
{"level":"info","message":"PSA 101/2022= - SOARES MARCAS E PATENTES LTDA criado.","timestamp":"2022-08-23 15:14:09"}
{"level":"info","message":"CONTRATO - CONDOMINIO EDIFICIO VILA DONA AMALIA - 548 criado.","timestamp":"2022-08-23 15:32:07"}
{"level":"info","message":"PSD 115/2022= - NEO OFTALMOLOGIA VILA DA SERRA LTDA criado.","timestamp":"2022-08-24 09:44:10"}
{"level":"info","message":"PSD 114/2022= - RADIO ITATIAIA LTDA criado.","timestamp":"2022-08-24 09:44:10"}
{"level":"info","message":"CONTRATO - JAN ENTRETENIMENTOS LTDA - 1044 criado.","timestamp":"2022-08-24 11:08:08"}
{"level":"info","message":"PSC 053/2022= - EMPRESA DE FABR=CDCIO DYCK (DBUG) criado.","timestamp":"2022-08-24 15:30:08"}
{"level":"info","message":"PSA 102/2022= - EFICAZ SERVI=C7OS LTDA criado.","timestamp":"2022-08-26 09:26:11"}
{"level":"info","message":"PSA 103/2022= - MAXXNET SERVICOS DE INTERNET LTDA criado.","timestamp":"2022-08-26 10:36:09"}
{"level":"info","message":"PSD 116/2022= - METALCORP IMPORTACAO E EXPORTACAO LTDA criado.","timestamp":"2022-08-26 13:32:10"}
{"level":"info","message":"PSA 104/2022= - KIDS E KIDS BRINQUEDOS criado.","timestamp":"2022-08-26 14:26:10"}
{"level":"info","message":"PSA 106/2022= - CASA DOS CRAQUES criado.","timestamp":"2022-08-29 11:58:07"}
{"level":"info","message":"CONTRATO - INSTITUTO HARMONIZE LTDA - 578 criado.","timestamp":"2022-08-30 16:20:07"}
{"level":"info","message":"CONTRATO - DAFRE PARTICIPACOES SOCIETARIAS LTDA - 1073 criado.","timestamp":"2022-08-31 17:34:06"}
{"level":"info","message":"PSA 107/2022= - P. A. THOMAZ MARCELINO & CIA LTDA criado.","timestamp":"2022-09-02 13:48:07"}
{"level":"info","message":"CONTRATO - ME ESCUTA SERVICOS AUDITIVOS LTDA - 835 criado.","timestamp":"2022-09-05 10:32:08"}
{"level":"info","message":"PSA 108/2022= - O2 COMUNICACAO AGROPECUARIA LTDA criado.","timestamp":"2022-09-05 15:02:06"}
{"level":"info","message":"PSA 109/2022= - INTEGRAL CERTIFICACOES LTDA criado.","timestamp":"2022-09-05 15:20:05"}
{"level":"info","message":"PSD 117/2022= - GEBRAMED COM=C9RCIO E REPRESENTA=C7=D5ES criado.","timestamp":"2022-09-06 09:06:05"}
{"level":"info","message":"PSD 118/2022= - SIGNPRINT IMPRESSAO DIGITAL LTDA criado.","timestamp":"2022-09-06 10:02:05"}
{"level":"info","message":"PSD 119/2022= - ESCRITORIO CONTABIL MAZOCATO LTDA criado.","timestamp":"2022-09-06 10:30:07"}
{"level":"info","message":"PSC 054/2022= - EMPRESA HOLDING DA ELIGIANA SANCHES criado.","timestamp":"2022-09-06 14:36:15"}
{"level":"info","message":"PSA 110/2022= - F. GERALDES ARQUITETURA E GESTAO LTDA criado.","timestamp":"2022-09-09 09:44:07"}
{"level":"info","message":"PSA 111/2022= - CLASSICA DISTRIBUIDORA DE LIVROS LTDA criado.","timestamp":"2022-09-09 14:08:07"}
{"level":"info","message":"PSC 055/2022= - EMPRESA FERNANDO DIAS SILVA criado.","timestamp":"2022-09-09 16:06:07"}
{"level":"info","message":"PSC 054/2022= - EMPRESA DE LUANDA CAROLINA GON=E7ALVES DA SILVA E SANTOS<= /FIELD> criado.","timestamp":"2022-09-12 08:37:35"}
{"level":"info","message":"PSA 112/2022= - LEMNIS INDUSTRIA DE JOIAS LTDA criado.","timestamp":"2022-09-15 08:24:07"}
{"level":"error","message":"createDocument: AxiosError: Request failed with status code 500","timestamp":"2022-09-15 08:24:07"}
{"level":"info","message":"PSA 071/2022= - THE GLASS CLUB COMERCIAL LTDA criado.","timestamp":"2022-09-15 09:00:09"}
{"level":"info","message":"PSA 114/2022= - JKCL SERVICOS ADMINISTRATIVOS criado.","timestamp":"2022-09-15 09:42:08"}
{"level":"info","message":"PSD 121/2022= - RCR GESTAO PATRIMONIAL LTDA criado.","timestamp":"2022-09-15 10:34:04"}
{"level":"info","message":"PSA 122/2022= - INCORPORA=C7=C3O IMOBILIARIA TRES IRM=C3OS LTDA criado.","timestamp":"2022-09-15 10:52:06"}
{"level":"info","message":"PSD 123/2022= - BISOUS PARTICIPACOES E SERVICOS LTDA criado.","timestamp":"2022-09-15 11:02:06"}
{"level":"info","message":"PSD 124/2022= - RONALDO DE ANDRADE PALERMO criado.","timestamp":"2022-09-15 11:12:05"}
{"level":"info","message":"PSD 124/2022= - ALTAMIRO LOURENCO DE SOUZA, ADVOGADOS E ASSOCIADOS<= /SPAN> criado.","timestamp":"2022-09-15 11:32:05"}
{"level":"info","message":"PSD 125/2022= - MAC BELL CONFECCOES LTDA criado.","timestamp":"2022-09-15 15:03:58"}
{"level":"info","message":"PSD 125/2022= - ORGANIZACAO ROSSETTI LTDA criado.","timestamp":"2022-09-15 15:34:04"}
{"level":"info","message":"PSA 126/2022= - TRES IRMAOS REPRESENTACOES OTICAS LTDA criado.","timestamp":"2022-09-15 17:02:04"}
{"level":"info","message":"PSD 129/2022= - OP. BARREIRO LTDA criado.","timestamp":"2022-09-15 17:22:05"}
{"level":"info","message":"PSC 056/2022= - JAN ENTRETENIMENTOS LTDA criado.","timestamp":"2022-09-15 17:40:06"}
{"level":"info","message":"PSD 129/2022= - EUROPARTNER BRASIL ASSESSORIA E CONSULTORIA EMPRESARIAL LTD= A. criado.","timestamp":"2022-09-16 14:22:05"}
{"level":"info","message":"CONTRATO - CTRL S LTDA - 834 criado.","timestamp":"2022-09-16 14:32:04"}
{"level":"info","message":"PSA 114/2022= - SHOPPING ORTOPEDICO CIRURGICO E HOSPITALAR LTDA criado.","timestamp":"2022-09-16 16:46:04"}
{"level":"info","message":"PSA 110/2022= - BF PUBLICIDADE E MARKETING LTDA criado.","timestamp":"2022-09-19 09:14:08"}
{"level":"info","message":"PSD 130/2022= - OT=E1VIO MARCOS SEPULVEDA criado.","timestamp":"2022-09-20 14:26:07"}
{"level":"error","message":"uploadHash: Error: read ECONNRESET","timestamp":"2022-09-20 15:26:25"}
{"level":"error","message":"createDocument: AxiosError: Request failed with status code 400","timestamp":"2022-09-20 15:26:26"}
{"level":"info","message":"PSC 056/2022= - CLASSICA DISTRIBUIDORA DE LIVROS LTDA criado.","timestamp":"2022-09-20 17:01:45"}
{"level":"info","message":"PSD 131/2022= - JVC CONTABILIDADE criado.","timestamp":"2022-09-22 16:50:12"}
{"level":"info","message":"PSD 132/2022= - ASSOCIACAO DE PROTECAO E BENEFICIO AO PROPRIETARIO DE VEICU= LOS criado.","timestamp":"2022-09-23 14:18:12"}
{"level":"info","message":"PSD 133/2022= - SHOPPING ORTOPEDICO CIRURGICO E HOSPITALAR LTDA criado.","timestamp":"2022-09-23 14:34:13"}
{"level":"info","message":"PSD 134/2022= - BL DEL REY LTDA criado.","timestamp":"2022-09-23 15:04:10"}
{"level":"info","message":"PSD 135/2022= - BL ESTACAO BH SERVICOS DE ESTETICA LTDA criado.","timestamp":"2022-09-23 15:14:14"}
{"level":"info","message":"PSA 118/2022= - ASSOCIACAO SOCIAL. CULTURAL E ESPORTIVA TRANSFORMACAO BELO = HORIZONTE criado.","timestamp":"2022-09-26 10:12:15"}
{"level":"info","message":"PSC 057/2022= - UNITA ENGENHARIA LTDA criado.","timestamp":"2022-09-28 08:58:14"}
{"level":"info","message":"PSA 120/2022= - SPE HJRC EMPREENDIMENTOS criado.","timestamp":"2022-09-29 10:06:10"}
{"level":"info","message":"PSC 058/2022= - EMPRESA DE MATHEUS HENNRIQUE DE AQUINO CUNHA= criado.","timestamp":"2022-09-30 10:08:18"}
{"level":"info","message":"PSA 121/2022= - DESENTUPIDORA MINAS JATO LTDA criado.","timestamp":"2022-09-30 14:50:11"}
{"level":"info","message":"PSD 139/2022= - CL=C1UDIO LUIZ FLACH criado.","timestamp":"2022-10-03 08:26:14"}
{"level":"error","message":"createDocument: AxiosError: Request failed with status code 400","timestamp":"2022-10-03 08:56:41"}
{"level":"info","message":"PSA 123/2022= - LANUM TECNOLOGIA DA INFORMACAO LTDA criado.","timestamp":"2022-10-04 08:26:05"}
{"level":"info","message":"PSA 124/2022= - LECO INSTRUMENTOS LTDA criado.","timestamp":"2022-10-06 11:53:42"}
{"level":"info","message":"PSA 126/2022= - TEMA CONSULTORIA criado.","timestamp":"2022-10-07 11:08:46"}
{"level":"info","message":"PSC 059/2022= - EMPRESA DE HELBERT CAMPOS criado.","timestamp":"2022-10-07 11:20:05"}
{"level":"info","message":"PSA 127/2022= - AUREA INDUSTRIA E COMERCIO EIRELI criado.","timestamp":"2022-10-07 13:44:07"}
{"level":"info","message":"PSA 127/2022= - EXOTROM LOCACOES E COMERCIO DE MAQUINAS INDUSTRIAIS LTDA criado.","timestamp":"2022-10-07 16:38:06"}
{"level":"info","message":"PSD 143/2022= - AS INDUSTRIA E COMERCIO DE ALIMENTOS LTDA criado.","timestamp":"2022-10-10 09:37:22"}
{"level":"info","message":"PSA 128/2022= - 1M EMPREENDIMENTOS IMOBILIARIOS E PARTICIPACOES LTDA criado.","timestamp":"2022-10-10 17:43:46"}
{"level":"info","message":"PSA 129/2022= - GUARANI EMPREENDIMENTOS E PARTICIPA=E7=F5ES LTDA<= /SPAN> criado.","timestamp":"2022-10-11 08:14:00"}
{"level":"info","message":"PSC 061/2022= - I A MARTINS LTDA criado.","timestamp":"2022-10-11 16:30:07"}
{"level":"info","message":"PSC 062-2022= - EMPRESA DE LIZANDRA DE F=E1TIMA DEL CANTONI criado.","timestamp":"2022-10-13 09:30:07"}
{"level":"info","message":"PSA 130/2022= - SOULIFE COMERCIO DE SOLUCOES DE ALIMENTOS NATURAIS LTDA criado.","timestamp":"2022-10-14 13:56:04"}
{"level":"info","message":"PSA 130/2022= - PFG CONSTRUTORA E INCORPORADORA EIRELI criado.","timestamp":"2022-10-17 10:10:36"}
{"level":"info","message":"PSA 131/2022= - FRM CONTABILIDADE criado.","timestamp":"2022-10-18 15:34:07"}
{"level":"info","message":"PSA 132/2022= - NOVO PROVEDOR DE INTERNET LTDA criado.","timestamp":"2022-10-19 11:06:07"}
{"level":"info","message":"PSA 132/2022= - JVC CONTABILIDADE criado.","timestamp":"2022-10-20 16:25:23"}
{"level":"info","message":"PSA 133/2022= - LABTEC SERVICOS TECNICOS LTDA criado.","timestamp":"2022-10-20 17:03:43"}
{"level":"info","message":"PSA 134/2022= - CASA DOS CRAQUES COMERCIO DE ARTIGOS ESPORTIVOS LTDA criado.","timestamp":"2022-10-21 11:53:45"}
{"level":"info","message":"PSD 145/2022= - GBL AUTOMACAO E SEGURANCA ELETRONICA criado.","timestamp":"2022-10-21 13:23:46"}
{"level":"info","message":"PSD 146/2022= - BLUEWEB TELECOMUNICACOES LTDA criado.","timestamp":"2022-10-21 14:07:22"}
{"level":"info","message":"PSD 147/2022= - NET2YOU NETWORK LTDA criado.","timestamp":"2022-10-21 14:27:21"}
{"level":"info","message":"PSC 063/2022= - PATIO STORE LTDA criado.","timestamp":"2022-10-24 11:26:06"}
{"level":"info","message":"CONTRATO - 1M DOCS LTDA - 1293 criado.","timestamp":"2022-10-25 11:30:38"}
{"level":"error","message":"createDocument: AxiosError: Request failed with status code 400","timestamp":"2022-10-25 14:33:42"}
{"level":"error","message":"createDocument: AxiosError: Request failed with status code 400","timestamp":"2022-10-25 14:38:23"}
{"level":"error","message":"createDocument: AxiosError: Request failed with status code 400","timestamp":"2022-10-27 11:12:10"}
{"level":"info","message":"PSC 065-2022= - FRM CONTABILIDADE criado.","timestamp":"2022-10-27 17:08:11"}
{"level":"info","message":"PSD 149/2022= - LRMB SERVICOS ADMINISTRATIVOS LTDA criado.","timestamp":"2022-10-28 08:50:18"}
{"level":"info","message":"PSD 150/2022= - UMANSE DESENVOLVIMENTO E CONEXAO PROFISSIONAL LTDA<= /SPAN> criado.","timestamp":"2022-10-28 10:18:14"}
{"level":"info","message":"PSD 151/2022= - GROWTH PARTICIPACOES LTDA. criado.","timestamp":"2022-10-28 10:52:13"}
{"level":"info","message":"PSD 152/2022= - EDDIE LTDA criado.","timestamp":"2022-10-28 13:52:11"}
{"level":"error","message":"createDocument: AxiosError: Request failed with status code 500","timestamp":"2022-10-31 14:24:09"}
{"level":"info","message":"PSA 134/2022= - WINNER BRANDS REPRESENTACOES LTDA criado.","timestamp":"2022-10-31 14:24:10"}
{"level":"info","message":"PSA 136/2022= - ARTEZARIUM CALCADOS E ACESSORIOS LTDA criado.","timestamp":"2022-11-01 15:16:04"}
{"level":"info","message":"PSD 153/2022= - CONECTEL TELECOMUNICACOES EIRELI criado.","timestamp":"2022-11-03 10:22:07"}
{"level":"info","message":"PSA 137/2022= - BN EMPREENDIMENTOS LTDA criado.","timestamp":"2022-11-03 11:00:05"}
{"level":"info","message":"PSA 138/2022= - RHAYDA DO NASCIMENTO RUFINO, MARKETING DIGITAL criado.","timestamp":"2022-11-04 09:44:06"}
{"level":"info","message":"PSA 138/2022= - C-DAP PARTICIPACOES LTDA criado.","timestamp":"2022-11-04 11:04:06"}
{"level":"info","message":"PSA 139/2022= - INST PRESB DE SERV SOCIAL EDUC CULTURA E PESQUISA criado.","timestamp":"2022-11-07 18:28:06"}
{"level":"info","message":"PSD 157/2022= - ASSOCIACAO BRASILEIRA DE PROVEDORES DE INTERNET E TELECOMUN= ICACOES - criado.","timestamp":"2022-11-09 15:20:07"}
{"level":"info","message":"PSC 066/2022= - HOLDING WAGNER criado.","timestamp":"2022-11-14 18:04:05"}
{"level":"info","message":"PSA 140/2022= - DYGO NEGOCIOS ONLINE EIRELI criado.","timestamp":"2022-11-16 11:33:44"}
{"level":"info","message":"PSC 067/2022= - UNE PROVEDOR DE INTERNET LGT61 EIRELI criado.","timestamp":"2022-11-16 15:05:18"}
{"level":"info","message":"PSA 141/2022= - RETROFORT LTDA criado.","timestamp":"2022-11-17 10:06:06"}
{"level":"info","message":"PSC 069-2022= - CUIABA FIBRA INTERNET EIRELI criado.","timestamp":"2022-11-18 08:48:06"}
{"level":"info","message":"PSD 159/2022= - VINICOLA VILENA LTDA. criado.","timestamp":"2022-11-18 16:36:06"}
{"level":"info","message":"PSC 070/2022= - JVC CONTABILIDADE criado.","timestamp":"2022-11-21 11:28:28"}
{"level":"info","message":"PSB 011/2022= - JVC CONTABILIDADE criado.","timestamp":"2022-11-21 12:00:05"}
{"level":"info","message":"PSA 142/2022= - BY SO VALENT MODAS LTDA criado.","timestamp":"2022-11-22 15:48:06"}
{"level":"info","message":"PSA 143/2022= - MAXX EMPREENDIMENTOS PARTICIPACOES LTDA criado.","timestamp":"2022-11-22 16:36:04"}
{"level":"info","message":"PSD 159/2022= - AMU VIDA PROMOCAO DE VENDAS E SERVICOS LTDA<= /P> criado.","timestamp":"2022-11-25 13:40:06"}
{"level":"info","message":"PSD 161/2022= - R SANTOS MARKETING DIGITAL E COMERCIO EIRELI= criado.","timestamp":"2022-11-25 13:48:07"}
{"level":"info","message":"PSA 145/2022= - LUIZ TRINDADE IMOVEIS LTDA criado.","timestamp":"2022-11-25 17:24:07"}
{"level":"info","message":"PSA 146/2022= - MASTER INVESTIMENTO E PARTICIPACOES LTDA criado.","timestamp":"2022-11-28 17:00:06"}
{"level":"info","message":"PSA 147/2022= - MASTER TELECOM EIRELI criado.","timestamp":"2022-11-28 17:22:04"}
{"level":"info","message":"PSA 148/2022= - MASTER SERVICOS DE VALOR ADICIONADO LTDA criado.","timestamp":"2022-11-28 17:34:05"}
{"level":"info","message":"PSA 152/2022= - CAMPOS FLORIDOS COMERCIO DE COSMETICOS LTDA<= /P> criado.","timestamp":"2022-12-06 16:43:24"}
{"level":"info","message":"PSA 153/2022= - ELO SVA LTDA criado.","timestamp":"2022-12-07 11:56:04"}
{"level":"info","message":"PSD 164/2022= - RADIO ITATIAIA LTDA criado.","timestamp":"2022-12-07 16:48:04"}
{"level":"info","message":"PSC 072/2022= - GOLD & KO IND=DASTRIA, COMERCIO, IMPORTACAO E EXPORTA= CAO DE ALIMENTOS criado.","timestamp":"2022-12-07 17:18:06"}
{"level":"info","message":"PSA 154/2022= - WAYNE EMPREENDIMENTOS IMOBILIARIOS LTDA. criado.","timestamp":"2022-12-07 17:40:06"}
{"level":"info","message":"PSC 073/2022= - ASSOCIACAO MINISTERIO ENSINANDO DE SIAO criado.","timestamp":"2022-12-09 10:06:08"}
{"level":"info","message":"PSD 164/2022= - BOLA SPORTS COMERCIO DE VESTUARIO E ARTIGOS ESPORTIVOS LTDA= criado.","timestamp":"2022-12-12 08:35:18"}
{"level":"error","message":"createDocument: AxiosError: Request failed with status code 400","timestamp":"2022-12-12 15:44:13"}
{"level":"info","message":"PSA 155/2022= - UCONDO TECNOLOGIA S.A. criado.","timestamp":"2022-12-12 15:44:16"}
{"level":"error","message":"createDocument: AxiosError: Request failed with status code 400","timestamp":"2022-12-12 15:46:13"}
{"level":"error","message":"createDocument: AxiosError: Request failed with status code 400","timestamp":"2022-12-12 15:46:22"}
{"level":"error","message":"createDocument: AxiosError: Request failed with status code 400","timestamp":"2022-12-12 16:00:06"}
{"level":"error","message":"createDocument: AxiosError: Request failed with status code 400","timestamp":"2022-12-12 16:01:57"}
{"level":"error","message":"createDocument: AxiosError: Request failed with status code 400","timestamp":"2022-12-12 16:03:50"}
{"level":"error","message":"createDocument: AxiosError: Request failed with status code 400","timestamp":"2022-12-12 16:07:37"}
{"level":"info","message":"PSA 155/2022= - UCONDO TECNOLOGIA S.A. criado.","timestamp":"2022-12-12 16:11:28"}
{"level":"error","message":"createDocument: AxiosError: Request failed with status code 400","timestamp":"2022-12-14 10:01:43"}
{"level":"error","message":"createDocument: AxiosError: Request failed with status code 400","timestamp":"2022-12-14 10:21:50"}
{"level":"info","message":"1642 - LEONARDO PEREIRA criado.","timestamp":"2022-12-14 10:39:29"}
{"level":"info","message":"1642 - LEONARDO PEREIRA criado.","timestamp":"2022-12-14 10:53:58"}
{"level":"info","message":"1642 - LEONARDO PEREIRA criado.","timestamp":"2022-12-14 10:55:20"}
{"level":"info","message":"1642 - LEONARDO PEREIRA criado.","timestamp":"2022-12-14 10:56:15"}
{"level":"info","message":"1642 - LEONARDO PEREIRA criado.","timestamp":"2022-12-14 10:57:06"}
{"level":"info","message":"1642 - LEONARDO PEREIRA criado.","timestamp":"2022-12-14 10:57:52"}
{"level":"info","message":"1642 - LEONARDO PEREIRA criado.","timestamp":"2022-12-14 10:58:39"}
{"level":"info","message":"1642 - LEONARDO PEREIRA criado.","timestamp":"2022-12-14 10:59:32"}
{"level":"info","message":"1642 - LEONARDO PEREIRA criado.","timestamp":"2022-12-14 11:00:33"}
{"level":"info","message":"PSA 158-2022= - SIGNPRINT IMPRESSAO DIGITAL LTDA criado.","timestamp":"2022-12-14 16:12:05"}
{"level":"info","message":"PSC 001/2023 - FREDERICO FE= RREIRA - EMPRESA DE FREDERICO FERREIRA GIACOMINI criado.","timestamp":"2023-01-02 11:02:23"}
{"level":"info","message":"PSD 001/2023= - LNY 2005 INDUSTRIA DE ROUPAS LTDA criado.","timestamp":"2023-01-02 15:42:07"}
{"level":"info","message":"PSA 001/2023= - DVL - DISTRIBUIDORA VIA LACTEA LTDA criado.","timestamp":"2023-01-02 16:36:07"}
{"level":"info","message":"PSC 002/2023= - EMPRESA DE ADRIANO HOINASK criado.","timestamp":"2023-01-03 09:00:10"}
{"level":"info","message":"PSB 001/2023= - CAP AUTO PECAS EIRELI criado.","timestamp":"2023-01-03 09:40:07"}
{"level":"info","message":"PSA 002/2023= - CONECTIVA INTERNET E TELECOMUNICACOES LTDA criado.","timestamp":"2023-01-03 10:16:07"}
{"level":"info","message":"PSA 003/2022= - CONECTIVA SOLUCOES TECNOLOGICAS LTDA criado.","timestamp":"2023-01-03 10:24:06"}
{"level":"info","message":"PSA 004/2023= - EXOTROM LOCACOES E COMERCIO DE MAQUINAS INDUSTRIAIS LTDA criado.","timestamp":"2023-01-03 14:28:05"}
{"level":"info","message":"PSA 005/2023= - FRM CONTABILIDADE criado.","timestamp":"2023-01-03 16:16:05"}
{"level":"info","message":"PSA 006/2023= - MASTER INVESTIMENTO E PARTICIPACOES LTDA criado.","timestamp":"2023-01-03 16:48:14"}
{"level":"info","message":"PSC 003/2023= - I9 CONTABILIT criado.","timestamp":"2023-01-04 08:22:05"}
{"level":"info","message":"PSD 002/2023= - FERREIRA ARANTES CONFECCOES LTDA criado.","timestamp":"2023-01-06 09:20:17"}
{"level":"info","message":"PSC 004/2023= - EMPRESA DE MARCELO MIRANDA GUIMAR=C3ES criado.","timestamp":"2023-01-06 09:46:04"}
{"level":"info","message":"PSA 008/2023= - JVC CONTABILIDADE criado.","timestamp":"2023-01-06 10:50:05"}
{"level":"info","message":"PSD 003/2023= - EUROPARTNER BRASIL ASSESSORIA E CONSULTORIA EMPRESARIAL LTD= A. criado.","timestamp":"2023-01-06 15:26:06"}
{"level":"info","message":"PSA 008/2023= - GRUPO OP - RODRIGO COSTA GOMES DE DEUS criado.","timestamp":"2023-01-09 09:04:06"}
{"level":"info","message":"PSD 004/2023= - OKULOS COMERCIO VAREJISTA DE PRODUTOS OPTICOS L criado.","timestamp":"2023-01-09 18:08:14"}
{"level":"info","message":"PSA 010/2023= - CONSTRUTORA GOMES PERDIGAO LTDA criado.","timestamp":"2023-01-11 08:40:08"}
{"level":"info","message":"PSD 005/2023= - KONICA MINOLTA HEALTHCARE DO BRASIL criado.","timestamp":"2023-01-11 10:32:09"}
{"level":"info","message":"PSA 011/2023= - OBRIGADO RO CAMA MESA E BANHO LTDA criado.","timestamp":"2023-01-11 11:26:04"}
{"level":"info","message":"PSC 006/2023= - EMIGE MATERIAIS ODONTOLOGICOS LTDA criado.","timestamp":"2023-01-11 17:56:09"}
{"level":"info","message":"1695 - STEPHAN DE OLIVEIRA ROSSI criado.","timestamp":"2023-01-12 14:50:16"}
{"level":"info","message":"1792 - HELEN CRISTINA GUILHERME ALVES COSTA criado.","timestamp":"2023-01-12 16:21:01"}
{"level":"info","message":"1815 - CARLOS ALBERTO DE CARVALHO criado.","timestamp":"2023-01-12 16:21:01"}
{"level":"info","message":"1721 - DIANA RODRIGUES DE BARROS criado.","timestamp":"2023-01-12 16:21:02"}
{"level":"info","message":"1824 - ARIELLE DE LIMA CONRADO criado.","timestamp":"2023-01-12 16:21:02"}
{"level":"info","message":"1807 - FELIPE ALMEIDA PIMENTEL criado.","timestamp":"2023-01-12 16:21:02"}
{"level":"info","message":"1730 - CAROLINE VIANA NUNES criado.","timestamp":"2023-01-12 16:21:03"}
{"level":"info","message":"1657 - ALEXSANDER DE SOUZA SANTOS criado.","timestamp":"2023-01-12 16:21:03"}
{"level":"info","message":"1745 - DEBORA DE SENA REIS MENDES GHERARDI criado.","timestamp":"2023-01-12 16:21:03"}
{"level":"info","message":"1737 - DAIANE MAIARA SANTOS ARAUJO criado.","timestamp":"2023-01-12 16:21:03"}
{"level":"info","message":"1766 - CLEIDIANA DO NASCIMENTO COSTA criado.","timestamp":"2023-01-12 16:21:04"}
{"level":"info","message":"1723 - CARLOS VITOR DE FARIA SILVA criado.","timestamp":"2023-01-12 16:21:04"}
{"level":"info","message":"1743 - DANIELE TEIXEIRA FAGUNDES criado.","timestamp":"2023-01-12 16:21:04"}
{"level":"info","message":"1758 - FRANCIELLY SILVEIRA CARDOSO criado.","timestamp":"2023-01-12 16:21:04"}
{"level":"info","message":"1808 - GILDER FIRMINO GOMES criado.","timestamp":"2023-01-12 16:21:04"}
{"level":"info","message":"1787 - IGOR GABRIEL GONCALVES FIUSA criado.","timestamp":"2023-01-12 16:21:04"}
{"level":"info","message":"1819 - BRUNA DA SILVA SOARES criado.","timestamp":"2023-01-12 16:21:04"}
{"level":"info","message":"1796 - HARLEY SIQUEIRA CAMPOS criado.","timestamp":"2023-01-12 16:21:04"}
{"level":"info","message":"1799 - FREDERICO TEIXEIRA DA SILVA criado.","timestamp":"2023-01-12 16:21:04"}
{"level":"info","message":"1810 - FERNANDA ARAUJO DE OLIVEIRA criado.","timestamp":"2023-01-12 16:21:04"}
{"level":"info","message":"1793 - FLAVIO GOMES SANTOS criado.","timestamp":"2023-01-12 16:21:04"}
{"level":"info","message":"1748 - DEBORA KATHARINE TEIXEIRA ANDRADE criado.","timestamp":"2023-01-12 16:21:05"}
{"level":"info","message":"1761 - CINTIA SILVA MITRE MAGANINHO criado.","timestamp":"2023-01-12 16:21:05"}
{"level":"info","message":"1802 - GUILHERME BARRAS CALDAS criado.","timestamp":"2023-01-12 16:21:05"}
{"level":"info","message":"1812 - FRANCISLENE ANGELI criado.","timestamp":"2023-01-12 16:21:05"}
{"level":"info","message":"1791 - HELEN CRISTINA PASSOS BASTOS SENA criado.","timestamp":"2023-01-12 16:21:05"}
{"level":"info","message":"1733 - DAVINA MIGUEL BARBOSA criado.","timestamp":"2023-01-12 16:21:05"}
{"level":"info","message":"1798 - GUILHERME JOSE DIAS BRAGA criado.","timestamp":"2023-01-12 16:21:05"}
{"level":"info","message":"1822 - BRENO BONA criado.","timestamp":"2023-01-12 16:21:05"}
{"level":"info","message":"1800 - GUILHERME EUGENIO DOS SANTOS criado.","timestamp":"2023-01-12 16:21:05"}
{"level":"info","message":"1788 - IASMIN GABRIELLE GETRUDES MENDES criado.","timestamp":"2023-01-12 16:21:05"}
{"level":"info","message":"1832 - ANDRE ESTEVAO FERREIRA DA SILVA criado.","timestamp":"2023-01-12 16:21:05"}
{"level":"info","message":"1814 - FERNANDA CRISTINA BORTOLOTO SILVA criado.","timestamp":"2023-01-12 16:21:06"}
{"level":"info","message":"1829 - ANDRESA GUIMARAES MARQUES DE OLIVEIRA criado.","timestamp":"2023-01-12 16:21:06"}
{"level":"info","message":"1794 - HELAINE FERREIRA RIBEIRO SA criado.","timestamp":"2023-01-12 16:21:06"}
{"level":"info","message":"1751 - ELIZANGELA CASTRO PINTO DE ALMEIDA criado.","timestamp":"2023-01-12 16:21:06"}
{"level":"info","message":"1811 - GENILDA MARIA GOMES criado.","timestamp":"2023-01-12 16:21:06"}
{"level":"info","message":"1826 - ARIADINA MOREIRA DE SOUSA criado.","timestamp":"2023-01-12 16:21:06"}
{"level":"info","message":"1834 - ANDERSON APARECIDO MARQUES DA SILVA criado.","timestamp":"2023-01-12 16:21:06"}
{"level":"info","message":"1659 - ALINE LEMOS DE CARVALHO criado.","timestamp":"2023-01-12 16:21:06"}
{"level":"info","message":"1804 - GRAYCE HELLEN O. S. MAGALH=C3ES criado.","timestamp":"2023-01-12 16:21:06"}
{"level":"info","message":"1797 - FERNANDA ALINE AMORIM criado.","timestamp":"2023-01-12 16:21:06"}
{"level":"info","message":"1803 - GESSIANE SOARES DA SILVA criado.","timestamp":"2023-01-12 16:21:10"}
{"level":"info","message":"1725 - CARLOS VITOR FERREIRA DA SILVA criado.","timestamp":"2023-01-12 16:21:10"}
{"level":"info","message":"1763 - CLAUDINE CESARIO criado.","timestamp":"2023-01-12 16:21:10"}
{"level":"info","message":"1809 - GESSIKA MENDES FERREIRA criado.","timestamp":"2023-01-12 16:21:10"}
{"level":"info","message":"1795 - FABIELLE DA SILVA GON=C7ALVES criado.","timestamp":"2023-01-12 16:21:10"}
{"level":"info","message":"1789 - HENRIQUE GUIMAR=C3ES SILVA criado.","timestamp":"2023-01-12 16:21:10"}
{"level":"info","message":"1709 - AMANDA CAROLINE DE MATOS criado.","timestamp":"2023-01-12 16:21:10"}
{"level":"info","message":"1817 - CARINE SILVA ALVES criado.","timestamp":"2023-01-12 16:21:10"}
{"level":"info","message":"1728 - CAROLINA DE CASTRO MARINHO criado.","timestamp":"2023-01-12 16:21:10"}
{"level":"info","message":"1831 - ANDRE MARQUES DE CASTRO criado.","timestamp":"2023-01-12 16:21:10"}
{"level":"info","message":"1828 - ANGELA MARCIA PEREIRA criado.","timestamp":"2023-01-12 16:21:10"}
{"level":"info","message":"1716 - DAYANE MARCELA RIBEIRO DUTRA criado.","timestamp":"2023-01-12 16:21:10"}
{"level":"info","message":"1714 - CARLA CARINE DE BARROS criado.","timestamp":"2023-01-12 16:21:10"}
{"level":"info","message":"1835 - ANA LUIZA DE OLIVEIRA criado.","timestamp":"2023-01-12 16:21:10"}
{"level":"info","message":"1769 - ERIKA CAMILA SANTANA SECONDINO criado.","timestamp":"2023-01-12 16:21:10"}
{"level":"info","message":"1735 - DEBORAH DIAS LISBOA criado.","timestamp":"2023-01-12 16:21:10"}
{"level":"info","message":"1785 - JANAINA DE FATIMA CRUZ criado.","timestamp":"2023-01-12 16:21:10"}
{"level":"info","message":"1658 - ALICE LORRANE BIBIANO criado.","timestamp":"2023-01-12 16:21:10"}
{"level":"info","message":"1754 - CAROLINE DE SOUSA ANSELMO criado.","timestamp":"2023-01-12 16:21:10"}
{"level":"info","message":"1719 - CASSIANE PEREIRA DE MELO criado.","timestamp":"2023-01-12 16:21:10"}
{"level":"info","message":"1740 - DAYANA DE PAULA GOMES CRAVEIRO criado.","timestamp":"2023-01-12 16:21:10"}
{"level":"info","message":"1786 - ISABELA MENDES LOURENCO CAMPELO criado.","timestamp":"2023-01-12 16:21:10"}
{"level":"info","message":"1813 - FL=C1VIO NOGUEIRA DE OLIVEIRA JUNIO criado.","timestamp":"2023-01-12 16:21:10"}
{"level":"info","message":"1801 - GABRIEL FARIA criado.","timestamp":"2023-01-12 16:21:10"}
{"level":"info","message":"1820 - ANA CLAUDIA DA SILVA criado.","timestamp":"2023-01-12 16:21:10"}
{"level":"info","message":"1806 - GISELE CRISTINA NUNES GOMES FALCONERI criado.","timestamp":"2023-01-12 16:21:10"}
{"level":"info","message":"1830 - ANDREA RENATA DE SOUSA SANTOS criado.","timestamp":"2023-01-12 16:21:10"}
{"level":"info","message":"1790 - HEMERSON LUIZ DE MORAIS DIAS criado.","timestamp":"2023-01-12 16:21:10"}
{"level":"error","message":"createDocument: AxiosError: Request failed with status code 400","timestamp":"2023-01-12 16:23:17"}
{"level":"error","message":"createDocument: AxiosError: Request failed with status code 400","timestamp":"2023-01-12 16:23:17"}
{"level":"error","message":"createDocument: AxiosError: Request failed with status code 400","timestamp":"2023-01-12 16:23:17"}
{"level":"error","message":"createDocument: AxiosError: Request failed with status code 400","timestamp":"2023-01-12 16:23:17"}
{"level":"error","message":"createDocument: AxiosError: Request failed with status code 400","timestamp":"2023-01-12 16:23:17"}
{"level":"error","message":"createDocument: AxiosError: Request failed with status code 400","timestamp":"2023-01-12 16:23:17"}
{"level":"error","message":"createDocument: AxiosError: Request failed with status code 400","timestamp":"2023-01-12 16:23:17"}
{"level":"error","message":"createDocument: AxiosError: Request failed with status code 400","timestamp":"2023-01-12 16:23:17"}
{"level":"error","message":"createDocument: AxiosError: Request failed with status code 400","timestamp":"2023-01-12 16:23:17"}
{"level":"error","message":"createDocument: AxiosError: Request failed with status code 400","timestamp":"2023-01-12 16:23:17"}
{"level":"error","message":"createDocument: AxiosError: Request failed with status code 400","timestamp":"2023-01-12 16:23:17"}
{"level":"error","message":"createDocument: AxiosError: Request failed with status code 400","timestamp":"2023-01-12 16:23:17"}
{"level":"error","message":"createDocument: AxiosError: Request failed with status code 400","timestamp":"2023-01-12 16:23:17"}
{"level":"error","message":"createDocument: AxiosError: Request failed with status code 400","timestamp":"2023-01-12 16:23:17"}
{"level":"error","message":"createDocument: AxiosError: Request failed with status code 400","timestamp":"2023-01-12 16:23:17"}
{"level":"error","message":"createDocument: AxiosError: Request failed with status code 400","timestamp":"2023-01-12 16:23:18"}
{"level":"error","message":"createDocument: AxiosError: Request failed with status code 400","timestamp":"2023-01-12 16:23:18"}
{"level":"error","message":"createDocument: AxiosError: Request failed with status code 400","timestamp":"2023-01-12 16:23:18"}
{"level":"error","message":"createDocument: AxiosError: Request failed with status code 400","timestamp":"2023-01-12 16:23:18"}
{"level":"error","message":"createDocument: AxiosError: Request failed with status code 400","timestamp":"2023-01-12 16:23:18"}
{"level":"error","message":"createDocument: AxiosError: Request failed with status code 400","timestamp":"2023-01-12 16:23:18"}
{"level":"error","message":"createDocument: AxiosError: Request failed with status code 400","timestamp":"2023-01-12 16:23:18"}
{"level":"error","message":"createDocument: AxiosError: Request failed with status code 400","timestamp":"2023-01-12 16:23:18"}
{"level":"error","message":"createDocument: AxiosError: Request failed with status code 400","timestamp":"2023-01-12 16:23:18"}
{"level":"error","message":"createDocument: AxiosError: Request failed with status code 400","timestamp":"2023-01-12 16:23:18"}
{"level":"error","message":"createDocument: AxiosError: Request failed with status code 400","timestamp":"2023-01-12 16:23:18"}
{"level":"error","message":"createDocument: AxiosError: Request failed with status code 400","timestamp":"2023-01-12 16:23:18"}
{"level":"error","message":"createDocument: AxiosError: Request failed with status code 400","timestamp":"2023-01-12 16:23:18"}
{"level":"error","message":"createDocument: AxiosError: Request failed with status code 400","timestamp":"2023-01-12 16:23:18"}
{"level":"error","message":"createDocument: AxiosError: Request failed with status code 400","timestamp":"2023-01-12 16:23:18"}
{"level":"info","message":"1770 - LEONARDO DE OLIVEIRA NEVES PEREIRA criado.","timestamp":"2023-01-12 16:23:18"}
{"level":"info","message":"1702 - ROMULO BELFRANCES SILVA REIS criado.","timestamp":"2023-01-12 16:23:18"}
{"level":"info","message":"1738 - NAIARA PEREIRA SOUZA criado.","timestamp":"2023-01-12 16:23:18"}
{"level":"info","message":"1688 - TAYEDA AUGUSTA RIBEIRO criado.","timestamp":"2023-01-12 16:23:18"}
{"level":"info","message":"1772 - LARISSA ASSIS DE AZEVEDO criado.","timestamp":"2023-01-12 16:23:18"}
{"level":"error","message":"createDocument: AxiosError: Request failed with status code 400","timestamp":"2023-01-12 16:23:18"}
{"level":"info","message":"1703 - RODRIGO BORGES DE OLIVEIRA criado.","timestamp":"2023-01-12 16:23:18"}
{"level":"info","message":"1692 - TAINARA STEPHANIE SOARES criado.","timestamp":"2023-01-12 16:23:18"}
{"level":"info","message":"1724 - PATRICIA CATHERYNE CANABARRO DE SOUZA criado.","timestamp":"2023-01-12 16:23:18"}
{"level":"info","message":"1773 - LAISA PAULA VILLAR criado.","timestamp":"2023-01-12 16:23:18"}
{"level":"info","message":"1731 - NORMANDO GERALDO DE AQUINO criado.","timestamp":"2023-01-12 16:23:18"}
{"level":"info","message":"1705 - RENATO LEAO COSTA criado.","timestamp":"2023-01-12 16:23:18"}
{"level":"error","message":"createDocument: AxiosError: Request failed with status code 400","timestamp":"2023-01-12 16:23:18"}
{"level":"info","message":"1734 - NATHALIA NUNES DOS SANTOS criado.","timestamp":"2023-01-12 16:23:18"}
{"level":"info","message":"1717 - PEDRO HENRIQUE LIMA SILVA criado.","timestamp":"2023-01-12 16:23:18"}
{"level":"info","message":"1706 - REGIANE ESTEVAM PEREIRA criado.","timestamp":"2023-01-12 16:23:18"}
{"level":"info","message":"1715 - PEDRO HENRIQUE MENDES DOS REIS criado.","timestamp":"2023-01-12 16:23:19"}
{"level":"error","message":"createDocument: AxiosError: Request failed with status code 400","timestamp":"2023-01-12 16:23:19"}
{"level":"error","message":"createDocument: AxiosError: Request failed with status code 400","timestamp":"2023-01-12 16:23:19"}
{"level":"error","message":"createDocument: AxiosError: Request failed with status code 400","timestamp":"2023-01-12 16:23:19"}
{"level":"info","message":"1762 - LUCIANA PAULA DA CONCEI=C7=C3O criado.","timestamp":"2023-01-12 16:23:19"}
{"level":"info","message":"1713 - PRISCILA PERPETUO DOS SANTOS criado.","timestamp":"2023-01-12 16:23:19"}
{"level":"error","message":"createDocument: AxiosError: Request failed with status code 400","timestamp":"2023-01-12 16:23:19"}
{"level":"info","message":"1712 - QU=C9ZIA VIT=D3RIA DA MATA FERREIRA criado.","timestamp":"2023-01-12 16:23:19"}
{"level":"info","message":"1764 - LUCELIA DAMACENO COSTA criado.","timestamp":"2023-01-12 16:23:19"}
{"level":"info","message":"1760 - LUCIANO FALCONE DE MENDONCA criado.","timestamp":"2023-01-12 16:23:19"}
{"level":"info","message":"1683 - VALERIA FERREIRA PIMENTEL DA SILVA criado.","timestamp":"2023-01-12 16:23:19"}
{"level":"error","message":"createDocument: AxiosError: Request failed with status code 400","timestamp":"2023-01-12 16:23:19"}
{"level":"error","message":"createDocument: AxiosError: Request failed with status code 400","timestamp":"2023-01-12 16:23:20"}
{"level":"info","message":"1718 - PAULA PAES TEIXEIRA criado.","timestamp":"2023-01-12 16:23:22"}
{"level":"info","message":"1765 - LUCAS MENDES SOUZA criado.","timestamp":"2023-01-12 16:23:22"}
{"level":"info","message":"1689 - TALLIS ANABEL MARIA DE OLIVEIRA JANU=C1RIO= criado.","timestamp":"2023-01-12 16:23:22"}
{"level":"info","message":"1746 - MATEUS JOABE AGUIAR PAULA criado.","timestamp":"2023-01-12 16:23:22"}
{"level":"info","message":"1749 - MARIA DAS DORES SANTOS criado.","timestamp":"2023-01-12 16:23:22"}
{"level":"info","message":"1711 - RAFAEL CARDOSO MACHADO criado.","timestamp":"2023-01-12 16:23:22"}
{"level":"info","message":"1727 - PALOMA LORRAYNE DA SILVA criado.","timestamp":"2023-01-12 16:23:22"}
{"level":"info","message":"1780 - JESSYCA MONTEIRO ROCHA BARRETO criado.","timestamp":"2023-01-12 16:23:22"}
{"level":"info","message":"1726 - PATRICIA CAROLINA DE OLIVEIRA criado.","timestamp":"2023-01-12 16:23:22"}
{"level":"info","message":"1693 - SUELLEN ROSE FERREIRA criado.","timestamp":"2023-01-12 16:23:22"}
{"level":"info","message":"1700 - ROSINEIDE ANTUNES TIAGO criado.","timestamp":"2023-01-12 16:23:22"}
{"level":"info","message":"1741 - MERLY CRISTINA MEDEIROS RIBEIRO criado.","timestamp":"2023-01-12 16:23:22"}
{"level":"info","message":"1686 - THAIS LUCAS MARINHO criado.","timestamp":"2023-01-12 16:23:22"}
{"level":"info","message":"1720 - PAULA BARBOSA MARIANO criado.","timestamp":"2023-01-12 16:23:22"}
{"level":"info","message":"1691 - TALITA COSTA DE CASTRO criado.","timestamp":"2023-01-12 16:23:22"}
{"level":"info","message":"1752 - MARIA APARECIDA SILVA criado.","timestamp":"2023-01-12 16:23:22"}
{"level":"info","message":"1767 - LUANA OLIVEIRA AMORIM criado.","timestamp":"2023-01-12 16:23:22"}
{"level":"info","message":"1707 - RAYANE YOHANA OTON RANUZIA criado.","timestamp":"2023-01-12 16:23:22"}
{"level":"info","message":"1782 - JESSICA GOMES DOMINGOS criado.","timestamp":"2023-01-12 16:23:22"}
{"level":"info","message":"1742 - MATHEUS DE SOUZA COSTA criado.","timestamp":"2023-01-12 16:23:22"}
{"level":"info","message":"1771 - LARISSA CAROLINE NUNES WISNIEWSKI criado.","timestamp":"2023-01-12 16:23:22"}
{"level":"info","message":"1777 - JULIANA ALVES SERRA criado.","timestamp":"2023-01-12 16:23:22"}
{"level":"info","message":"1672 - WILSON FRANKLIN DOS SANTOS criado.","timestamp":"2023-01-12 16:24:09"}
{"level":"info","message":"1680 - VERA LUCIA PEREIRA ALVES criado.","timestamp":"2023-01-12 16:24:09"}
{"level":"info","message":"1677 - VICTOR LORRAN MARTINS DE OLIVEIRA criado.","timestamp":"2023-01-12 16:24:09"}
{"level":"info","message":"1673 - WILLYSLAINY REGINALDA SILVA PRADO criado.","timestamp":"2023-01-12 16:24:10"}
{"level":"info","message":"1674 - WILLIANS DO NASCIMENTO OLIVEIRA criado.","timestamp":"2023-01-12 16:24:10"}
{"level":"info","message":"1676 - VICTOR XAVIER criado.","timestamp":"2023-01-12 16:24:12"}
{"level":"info","message":"1675 - VIN=CDCIUS ROCHA SILVA criado.","timestamp":"2023-01-12 16:24:18"}
{"level":"info","message":"1678 - VICTOR AUGUSTO COSTA SALDANHA criado.","timestamp":"2023-01-12 16:24:21"}
{"level":"info","message":"1679 - VER=D4NICA APARECIDA MARCELLO criado.","timestamp":"2023-01-12 16:24:21"}
{"level":"info","message":"1756 - MAIARA INGRID SILVA criado.","timestamp":"2023-01-13 08:26:39"}
{"level":"info","message":"1776 - JUNIO DAMAZIO DE CARVALHO criado.","timestamp":"2023-01-13 08:26:41"}
{"level":"info","message":"1722 - PATRICIA JOTA SALVO DINIZ criado.","timestamp":"2023-01-13 09:16:26"}
{"level":"info","message":"1736 - NATALIA ALESSANDRA LOPES DA SILVEIRA criado.","timestamp":"2023-01-13 09:16:26"}
{"level":"info","message":"1682 - VALESCA LOPES MENDANHA criado.","timestamp":"2023-01-13 09:16:26"}
{"level":"info","message":"1698 - SARA EMANUELE DOROTEIA DOS SANTOS criado.","timestamp":"2023-01-13 09:16:27"}
{"level":"info","message":"1697 - SHEILA MOREIRA MORGAN criado.","timestamp":"2023-01-13 09:16:27"}
{"level":"info","message":"1757 - LUDIMILA MARIA PINTO DA SILVA criado.","timestamp":"2023-01-13 09:16:27"}
{"level":"info","message":"1696 - SILVANA GOMES GON=C7ALVES criado.","timestamp":"2023-01-13 09:16:27"}
{"level":"info","message":"1784 - JESSICA DE SOUZA NUNES criado.","timestamp":"2023-01-13 09:54:08"}
{"level":"info","message":"1684 - TULIO HENRIQUE LOUREIRO SILVA criado.","timestamp":"2023-01-13 10:20:06"}
{"level":"info","message":"1729 - NUBIA GRAZIELE PASSOS criado.","timestamp":"2023-01-13 10:20:07"}
{"level":"info","message":"1747 - MARIA EDUARDA BRITO CANABRAVA criado.","timestamp":"2023-01-13 10:20:10"}
{"level":"info","message":"1768 - LORRAINE DIAS GUIMARAES criado.","timestamp":"2023-01-13 11:06:14"}
{"level":"info","message":"1750 - MARIA CHAVES DE SOUZA criado.","timestamp":"2023-01-13 11:22:07"}
{"level":"info","message":"PSD 006/2023= - CONECTEL TELECOMUNICACOES EIRELI criado.","timestamp":"2023-01-13 14:04:06"}
{"level":"info","message":"PSD 007/2023= - NOVA SERVICOS DE VALOR ADICIONADO LTDA criado.","timestamp":"2023-01-13 15:00:17"}
{"level":"info","message":"1828 - ANGELA MARCIA PEREIRA criado.","timestamp":"2023-01-16 08:40:37"}
{"level":"info","message":"1690 - TALLES FELIPE MUNIZ DE SOUZA criado.","timestamp":"2023-01-16 08:40:37"}
{"level":"info","message":"PSC 007/2023= - EMPRESA DE FABR=CDCIO T=DALIO SANTOS PEREIRA criado.","timestamp":"2023-01-16 08:43:42"}
{"level":"info","message":"1780 - JESSYCA MONTEIRO ROCHA BARRETO criado.","timestamp":"2023-01-16 11:15:20"}
{"level":"error","message":"getQuoteHash: TypeError [ERR_INVALID_ARG_TYPE]: The \"path\" argument must be of type string. Received undefined","timestamp":"2023-01-16 14:30:33"}
{"level":"error","message":"uploadHash: AxiosError: Request failed with status code 400","timestamp":"2023-01-16 14:30:34"}
{"level":"error","message":"createDocument: AxiosError: Request failed with status code 400","timestamp":"2023-01-16 14:30:34"}
{"level":"info","message":"PSC 008/2023= - ASSOCIA=E7=E3O PV DE =C9DER HENRIQUE ALVES DE LUNA criado.","timestamp":"2023-01-16 16:37:24"}
{"level":"info","message":"PSA 014/2023= - ELEVADORES MILENIO EIRELI criado.","timestamp":"2023-01-16 18:00:39"}
{"level":"info","message":"PSA 018/2023= - OESTE DIGITAL SERVICOS DE TELECOMUNICACAO LTDA criado.","timestamp":"2023-01-18 16:36:05"}
{"level":"info","message":"PSC 009/2023= - EMPRESA LINE SERVI=C7OS DIGITAIS LTDA criado.","timestamp":"2023-01-18 17:36:05"}
{"level":"info","message":"PSC 010/2023= - EMPRESA DE LINE SERVI=C7OS DE TECNOLOGIA LTDA= criado.","timestamp":"2023-01-18 17:46:05"}
{"level":"info","message":"PSA 019/2023= - KHG SERVICOS DE VALOR ADICIONADO E INTERNET LTDA criado.","timestamp":"2023-01-19 11:12:06"}
{"level":"info","message":"PSA 020/2023= - HOMESHOCK CERCAS ELETRONICAS EIRELI criado.","timestamp":"2023-01-19 16:28:06"}
{"level":"info","message":"PSD 012/2023= - EMIGE MATERIAIS ODONTOLOGICOS LTDA criado.","timestamp":"2023-01-20 09:22:09"}
{"level":"info","message":"PSD 014/2023= - DENTAL UNIVERSO EIRELI criado.","timestamp":"2023-01-20 09:56:04"}
{"level":"info","message":"PSD 013/2023= - DENTAL MARIA LTDA criado.","timestamp":"2023-01-20 11:22:08"}
{"level":"info","message":"PSA 020/2023= - EMPRESA DE DANIEL SAVINO NOGUEIRA criado.","timestamp":"2023-01-20 11:40:35"}
{"level":"info","message":"PSA 022/2023= - CARMONA CORRETORA DE SEGUROS E SAUDE LTDA criado.","timestamp":"2023-01-20 15:23:41"}
{"level":"info","message":"PSA 022/2023= - ATACADO CADAN COMERCIO DE ROUPAS LTDA criado.","timestamp":"2023-01-23 08:56:04"}
{"level":"info","message":"PSA 024/2023= - ATACADO LB COMERCIO DE ROUPAS, SAPATOS, BOLSAS E ACESSORIOS = LTDA criado.","timestamp":"2023-01-23 09:08:07"}
{"level":"info","message":"PSA 025/2023= - JVC CONTABILIDADE criado.","timestamp":"2023-01-24 15:20:09"}
{"level":"info","message":"PSC 011/2023= - CONSTRU=C7=C3O DUARTE E PARREIRA LTDA criado.","timestamp":"2023-01-25 10:30:08"}
{"level":"info","message":"PSA 026/2023= - RGA LOGISTICA LTDA criado.","timestamp":"2023-01-25 17:26:06"}
{"level":"info","message":"PSC 012/2023= - EMPRESA DE THALLES OLIVEIRA MACIEL criado.","timestamp":"2023-01-25 17:42:04"}
{"level":"info","message":"PSA 027/2023= - CLUBE DE BENEFICIOS ESCOLTA criado.","timestamp":"2023-01-25 18:00:05"}
{"level":"info","message":"PSA 028/2023= - VERDE ROSA SERVICOS LTDA criado.","timestamp":"2023-01-26 15:55:06"}
{"level":"info","message":"PSA 029/2023= - BY SO VALENT MODAS LTDA criado.","timestamp":"2023-01-26 16:13:03"}
{"level":"info","message":"PSC 013/2023= - EMPRESA DE ANTONIO SERGIO MEDEIROS FONSECA criado.","timestamp":"2023-01-26 16:37:03"}
{"level":"info","message":"PSB 003/2023= - FRAYHA DESIGN E MONTAGENS LTDA criado.","timestamp":"2023-01-27 13:55:08"}
{"level":"info","message":"PSA 030/2023= - VIA DMK COMERCIO LTDA criado.","timestamp":"2023-01-27 14:31:04"}
{"level":"info","message":"PSD 015/2023= - MAF BAR E ENTRETENIMENTO LTDA criado.","timestamp":"2023-01-27 16:01:06"}
{"level":"info","message":"PSD 016/2023= - ENTREPOSE ECHAFAUDAGES criado.","timestamp":"2023-01-30 10:28:04"}
{"level":"info","message":"PSB 004/2023= - EFICAZ SERVICOS LTDA criado.","timestamp":"2023-01-30 11:37:04"}
{"level":"info","message":"PSD 018/2023= - SANTA CLARA LOCACOES LTDA criado.","timestamp":"2023-02-02 15:23:20"}
{"level":"info","message":"PSD 019/2023= - LOKMAX COMERCIO E LOCACAO DE MAQUINAS LTDA criado.","timestamp":"2023-02-03 13:32:42"}
{"level":"info","message":"PSD 020/2023= - INFTEC INFORMACAO E TECNOLOGIA LTDA criado.","timestamp":"2023-02-03 13:50:41"}
{"level":"info","message":"PSD 021/2023= - D&B CORRETORA, ADMINISTRADORA E CONSULTORIA DE SEGUROS LTDA<= /FIELD> criado.","timestamp":"2023-02-03 14:16:46"}
{"level":"info","message":"PSD 022/2023= - SIGNPRINT IMPRESSAO DIGITAL LTDA criado.","timestamp":"2023-02-03 14:49:47"}
{"level":"info","message":"PSD 023/2023= - SUCATA LANCHES LTDA criado.","timestamp":"2023-02-03 15:07:47"}
{"level":"info","message":"PSD 026/2023= - WAYNE EMPREENDIMENTOS IMOBILIARIOS LTDA. criado.","timestamp":"2023-02-07 09:22:49"}
{"level":"info","message":"PSC 014/2023= - IP2C IMPORT E DISTRIBUCAO LTDA criado.","timestamp":"2023-02-07 17:10:50"}
{"level":"info","message":"PSD 027/2023= - NELSON ANTONIO DAMASIO FILHO & CIA LTDA criado.","timestamp":"2023-02-07 17:55:46"}
{"level":"info","message":"PSD 028/2023= - LINDA BIJOUTERIAS E COMPLEMENTOS LTDA criado.","timestamp":"2023-02-08 10:07:47"}
{"level":"info","message":"PSA 031/2023= - EVOLU=E7=E3O FLORESTAL criado.","timestamp":"2023-02-08 14:07:47"}
{"level":"info","message":"PSD 025/2023= - OP PATOS DE MINAS LTDA criado.","timestamp":"2023-02-08 14:10:46"}
{"level":"info","message":"PSA 032/2023= - REZENDE DUTRA SOCIEDADE INDIVIDUAL DE ADVOCACIA criado.","timestamp":"2023-02-09 10:46:46"}
{"level":"error","message":"createDocument: AxiosError: Request failed with status code 500","timestamp":"2023-02-09 16:31:48"}
{"level":"error","message":"createDocument: AxiosError: Request failed with status code 500","timestamp":"2023-02-09 16:43:46"}
{"level":"info","message":"2053 - RICHARD RANGEL criado.","timestamp":"2023-02-10 08:14:42"}
{"level":"info","message":"2040 - INGRID HILLARY BERNARDES DE LIMA criado.","timestamp":"2023-02-10 08:14:42"}
{"level":"info","message":"2054 - LET=EDCIA MARIA DA SILVA criado.","timestamp":"2023-02-10 08:14:42"}
{"level":"info","message":"2057 - ANA LUIZA DE MOURA criado.","timestamp":"2023-02-10 08:14:42"}
{"level":"info","message":"1987 - GUILHERME DE ARA=FAJO GON=E7ALVES criado.","timestamp":"2023-02-10 08:14:43"}
{"level":"info","message":"PSA 034/2023= - S. P . B. PADARIA E COMERCIO LTDA criado.","timestamp":"2023-02-10 14:38:43"}
{"level":"info","message":"PSA 035/2023= - A.B. CAFETERIA LTDA criado.","timestamp":"2023-02-10 14:47:17"}
{"level":"info","message":"PSA 037/2023= - ECOPRINTQ BRASIL SOLUCOES EM TECNOLOGIA criado.","timestamp":"2023-02-10 16:29:18"}
